Build started 6/25/2013 1:09:49 PM.
     1>Project "C:\Users\meng\Documents\Visual Studio 2010\Projects\Mocha_cloudlet_test\Mocha_cloudlet_new\Mocha_cloudlet_new.vcxproj" on node 2 (build target(s)).
     1>InitializeBuildStatus:
         Creating "x64\Debug\Mocha_cloudlet_new.unsuccessfulbuild" because "AlwaysCreate" was specified.
       ClCompile:
         C:\Program Files (x86)\Microsoft Visual Studio 10.0\VC\bin\x86_amd64\CL.exe /c /IZ:\OpenCV\Build\install\include\opencv /IZ:\OpenCV\Build\install\include /Zi /nologo /W3 /WX- /Od /D WIN32 /D _DEBUG /D _CONSOLE /D _UNICODE /D UNICODE /Gm /EHsc /RTC1 /MDd /GS /fp:precise /Zc:wchar_t /Zc:forScope /Fo"x64\Debug\\" /Fd"x64\Debug\vc100.pdb" /Gd /TP /errorReport:prompt mocha_cloudlet.cpp
         mocha_cloudlet.cpp
     1>z:\opencv\build\install\include\opencv2\flann\logger.h(66): warning C4996: 'fopen': This function or variable may be unsafe. Consider using fopen_s instead. To disable deprecation, use _CRT_SECURE_NO_WARNINGS. See online help for details.
                 C:\Program Files (x86)\Microsoft Visual Studio 10.0\VC\include\stdio.h(234) : see declaration of 'fopen'
     1>Z:\OpenCV\Build\install\include\opencv2/legacy/blobtrack.hpp(187): warning C4996: 'strcpy': This function or variable may be unsafe. Consider using strcpy_s instead. To disable deprecation, use _CRT_SECURE_NO_WARNINGS. See online help for details.
                 C:\Program Files (x86)\Microsoft Visual Studio 10.0\VC\include\string.h(105) : see declaration of 'strcpy'
     1>Z:\OpenCV\Build\install\include\opencv2/legacy/blobtrack.hpp(256): warning C4996: 'strcat': This function or variable may be unsafe. Consider using strcat_s instead. To disable deprecation, use _CRT_SECURE_NO_WARNINGS. See online help for details.
                 C:\Program Files (x86)\Microsoft Visual Studio 10.0\VC\include\string.h(110) : see declaration of 'strcat'
       ManifestResourceCompile:
         All outputs are up-to-date.
       Link:
         C:\Program Files (x86)\Microsoft Visual Studio 10.0\VC\bin\x86_amd64\link.exe /ERRORREPORT:PROMPT /OUT:"C:\Users\meng\Documents\Visual Studio 2010\Projects\Mocha_cloudlet_test\x64\Debug\Mocha_cloudlet_new.exe" /INCREMENTAL /NOLOGO /LIBPATH:Z:\OpenCV\Build\install\lib opencv_core243d.lib opencv_highgui243d.lib opencv_video243d.lib opencv_ml243d.lib opencv_legacy243d.lib opencv_objdetect243d.lib opencv_imgproc243d.lib opencv_contrib243d.lib opencv_gpu243d.lib kernel32.lib user32.lib gdi32.lib winspool.lib comdlg32.lib advapi32.lib shell32.lib ole32.lib oleaut32.lib uuid.lib odbc32.lib odbccp32.lib /MANIFEST /ManifestFile:"x64\Debug\Mocha_cloudlet_new.exe.intermediate.manifest" /MANIFESTUAC:"level='asInvoker' uiAccess='false'" /DEBUG /PDB:"C:\Users\meng\Documents\Visual Studio 2010\Projects\Mocha_cloudlet_test\x64\Debug\Mocha_cloudlet_new.pdb" /SUBSYSTEM:CONSOLE /TLBID:1 /DYNAMICBASE /NXCOMPAT /IMPLIB:"C:\Users\meng\Documents\Visual Studio 2010\Projects\Mocha_cloudlet_test\x64\Debug\Mocha_cloudlet_new.lib" /MACHINE:X64 x64\Debug\Mocha_cloudlet_new.exe.embed.manifest.res
         x64\Debug\cloudlet_main.obj
         x64\Debug\mocha.obj
         x64\Debug\mocha_cloudlet.obj
         x64\Debug\_facerec.obj
         Mocha_cloudlet_new.vcxproj -> C:\Users\meng\Documents\Visual Studio 2010\Projects\Mocha_cloudlet_test\x64\Debug\Mocha_cloudlet_new.exe
       Manifest:
         C:\Program Files (x86)\Microsoft SDKs\Windows\v7.0A\bin\mt.exe /nologo /verbose /out:"x64\Debug\Mocha_cloudlet_new.exe.embed.manifest" /manifest x64\Debug\Mocha_cloudlet_new.exe.intermediate.manifest
         All outputs are up-to-date.
       LinkEmbedManifest:
         All outputs are up-to-date.
         Mocha_cloudlet_new.vcxproj -> C:\Users\meng\Documents\Visual Studio 2010\Projects\Mocha_cloudlet_test\x64\Debug\Mocha_cloudlet_new.exe
       FinalizeBuildStatus:
         Deleting file "x64\Debug\Mocha_cloudlet_new.unsuccessfulbuild".
         Touching "x64\Debug\Mocha_cloudlet_new.lastbuildstate".
     1>Done Building Project "C:\Users\meng\Documents\Visual Studio 2010\Projects\Mocha_cloudlet_test\Mocha_cloudlet_new\Mocha_cloudlet_new.vcxproj" (build target(s)).

Build succeeded.

Time Elapsed 00:00:02.89
