C:\USERS\MENG\DOCUMENTS\VISUAL STUDIO 2010\PROJECTS\MOCHA_CLOUDLET_NEW\DEBUG\MOCHA_CLOUDLET_NEW.EXE
C:\USERS\MENG\DOCUMENTS\VISUAL STUDIO 2010\PROJECTS\MOCHA_CLOUDLET_NEW\DEBUG\MOCHA_CLOUDLET_NEW.ILK
C:\USERS\MENG\DOCUMENTS\VISUAL STUDIO 2010\PROJECTS\MOCHA_CLOUDLET_NEW\DEBUG\MOCHA_CLOUDLET_NEW.PDB
C:\Users\meng\Documents\Visual Studio 2010\Projects\Mocha_cloudlet_new\Mocha_cloudlet_new\Debug\cl.command.1.tlog
C:\Users\meng\Documents\Visual Studio 2010\Projects\Mocha_cloudlet_new\Mocha_cloudlet_new\Debug\CL.read.1.tlog
C:\Users\meng\Documents\Visual Studio 2010\Projects\Mocha_cloudlet_new\Mocha_cloudlet_new\Debug\CL.write.1.tlog
C:\USERS\MENG\DOCUMENTS\VISUAL STUDIO 2010\PROJECTS\MOCHA_CLOUDLET_NEW\MOCHA_CLOUDLET_NEW\DEBUG\CLOUDLET_MAIN.OBJ
C:\Users\meng\Documents\Visual Studio 2010\Projects\Mocha_cloudlet_new\Mocha_cloudlet_new\Debug\link.14064.read.1.tlog
C:\Users\meng\Documents\Visual Studio 2010\Projects\Mocha_cloudlet_new\Mocha_cloudlet_new\Debug\link.14064.write.1.tlog
C:\Users\meng\Documents\Visual Studio 2010\Projects\Mocha_cloudlet_new\Mocha_cloudlet_new\Debug\link.14064-cvtres.read.1.tlog
C:\Users\meng\Documents\Visual Studio 2010\Projects\Mocha_cloudlet_new\Mocha_cloudlet_new\Debug\link.14064-cvtres.write.1.tlog
C:\Users\meng\Documents\Visual Studio 2010\Projects\Mocha_cloudlet_new\Mocha_cloudlet_new\Debug\link.162200.read.1.tlog
C:\Users\meng\Documents\Visual Studio 2010\Projects\Mocha_cloudlet_new\Mocha_cloudlet_new\Debug\link.162200.write.1.tlog
C:\Users\meng\Documents\Visual Studio 2010\Projects\Mocha_cloudlet_new\Mocha_cloudlet_new\Debug\link.162200-cvtres.read.1.tlog
C:\Users\meng\Documents\Visual Studio 2010\Projects\Mocha_cloudlet_new\Mocha_cloudlet_new\Debug\link.162200-cvtres.write.1.tlog
C:\Users\meng\Documents\Visual Studio 2010\Projects\Mocha_cloudlet_new\Mocha_cloudlet_new\Debug\link.1644.read.1.tlog
C:\Users\meng\Documents\Visual Studio 2010\Projects\Mocha_cloudlet_new\Mocha_cloudlet_new\Debug\link.1644.write.1.tlog
C:\Users\meng\Documents\Visual Studio 2010\Projects\Mocha_cloudlet_new\Mocha_cloudlet_new\Debug\link.1644-cvtres.read.1.tlog
C:\Users\meng\Documents\Visual Studio 2010\Projects\Mocha_cloudlet_new\Mocha_cloudlet_new\Debug\link.1644-cvtres.write.1.tlog
C:\Users\meng\Documents\Visual Studio 2010\Projects\Mocha_cloudlet_new\Mocha_cloudlet_new\Debug\link.19712.read.1.tlog
C:\Users\meng\Documents\Visual Studio 2010\Projects\Mocha_cloudlet_new\Mocha_cloudlet_new\Debug\link.19712.write.1.tlog
C:\Users\meng\Documents\Visual Studio 2010\Projects\Mocha_cloudlet_new\Mocha_cloudlet_new\Debug\link.19712-cvtres.read.1.tlog
C:\Users\meng\Documents\Visual Studio 2010\Projects\Mocha_cloudlet_new\Mocha_cloudlet_new\Debug\link.19712-cvtres.write.1.tlog
C:\Users\meng\Documents\Visual Studio 2010\Projects\Mocha_cloudlet_new\Mocha_cloudlet_new\Debug\link.2764.read.1.tlog
C:\Users\meng\Documents\Visual Studio 2010\Projects\Mocha_cloudlet_new\Mocha_cloudlet_new\Debug\link.2764.write.1.tlog
C:\Users\meng\Documents\Visual Studio 2010\Projects\Mocha_cloudlet_new\Mocha_cloudlet_new\Debug\link.2764-cvtres.read.1.tlog
C:\Users\meng\Documents\Visual Studio 2010\Projects\Mocha_cloudlet_new\Mocha_cloudlet_new\Debug\link.2764-cvtres.write.1.tlog
C:\Users\meng\Documents\Visual Studio 2010\Projects\Mocha_cloudlet_new\Mocha_cloudlet_new\Debug\link.2860.read.1.tlog
C:\Users\meng\Documents\Visual Studio 2010\Projects\Mocha_cloudlet_new\Mocha_cloudlet_new\Debug\link.2860.write.1.tlog
C:\Users\meng\Documents\Visual Studio 2010\Projects\Mocha_cloudlet_new\Mocha_cloudlet_new\Debug\link.2860-cvtres.read.1.tlog
C:\Users\meng\Documents\Visual Studio 2010\Projects\Mocha_cloudlet_new\Mocha_cloudlet_new\Debug\link.2860-cvtres.write.1.tlog
C:\Users\meng\Documents\Visual Studio 2010\Projects\Mocha_cloudlet_new\Mocha_cloudlet_new\Debug\link.3132.read.1.tlog
C:\Users\meng\Documents\Visual Studio 2010\Projects\Mocha_cloudlet_new\Mocha_cloudlet_new\Debug\link.3132.write.1.tlog
C:\Users\meng\Documents\Visual Studio 2010\Projects\Mocha_cloudlet_new\Mocha_cloudlet_new\Debug\link.3132-cvtres.read.1.tlog
C:\Users\meng\Documents\Visual Studio 2010\Projects\Mocha_cloudlet_new\Mocha_cloudlet_new\Debug\link.3132-cvtres.write.1.tlog
C:\Users\meng\Documents\Visual Studio 2010\Projects\Mocha_cloudlet_new\Mocha_cloudlet_new\Debug\link.3684.read.1.tlog
C:\Users\meng\Documents\Visual Studio 2010\Projects\Mocha_cloudlet_new\Mocha_cloudlet_new\Debug\link.3684.write.1.tlog
C:\Users\meng\Documents\Visual Studio 2010\Projects\Mocha_cloudlet_new\Mocha_cloudlet_new\Debug\link.3684-cvtres.read.1.tlog
C:\Users\meng\Documents\Visual Studio 2010\Projects\Mocha_cloudlet_new\Mocha_cloudlet_new\Debug\link.3684-cvtres.write.1.tlog
C:\Users\meng\Documents\Visual Studio 2010\Projects\Mocha_cloudlet_new\Mocha_cloudlet_new\Debug\link.42976.read.1.tlog
C:\Users\meng\Documents\Visual Studio 2010\Projects\Mocha_cloudlet_new\Mocha_cloudlet_new\Debug\link.42976.write.1.tlog
C:\Users\meng\Documents\Visual Studio 2010\Projects\Mocha_cloudlet_new\Mocha_cloudlet_new\Debug\link.42976-cvtres.read.1.tlog
C:\Users\meng\Documents\Visual Studio 2010\Projects\Mocha_cloudlet_new\Mocha_cloudlet_new\Debug\link.42976-cvtres.write.1.tlog
C:\Users\meng\Documents\Visual Studio 2010\Projects\Mocha_cloudlet_new\Mocha_cloudlet_new\Debug\link.4324.read.1.tlog
C:\Users\meng\Documents\Visual Studio 2010\Projects\Mocha_cloudlet_new\Mocha_cloudlet_new\Debug\link.4324.write.1.tlog
C:\Users\meng\Documents\Visual Studio 2010\Projects\Mocha_cloudlet_new\Mocha_cloudlet_new\Debug\link.4324-cvtres.read.1.tlog
C:\Users\meng\Documents\Visual Studio 2010\Projects\Mocha_cloudlet_new\Mocha_cloudlet_new\Debug\link.4324-cvtres.write.1.tlog
C:\Users\meng\Documents\Visual Studio 2010\Projects\Mocha_cloudlet_new\Mocha_cloudlet_new\Debug\link.5488.read.1.tlog
C:\Users\meng\Documents\Visual Studio 2010\Projects\Mocha_cloudlet_new\Mocha_cloudlet_new\Debug\link.5488.write.1.tlog
C:\Users\meng\Documents\Visual Studio 2010\Projects\Mocha_cloudlet_new\Mocha_cloudlet_new\Debug\link.5488-cvtres.read.1.tlog
C:\Users\meng\Documents\Visual Studio 2010\Projects\Mocha_cloudlet_new\Mocha_cloudlet_new\Debug\link.5488-cvtres.write.1.tlog
C:\Users\meng\Documents\Visual Studio 2010\Projects\Mocha_cloudlet_new\Mocha_cloudlet_new\Debug\link.5716.read.1.tlog
C:\Users\meng\Documents\Visual Studio 2010\Projects\Mocha_cloudlet_new\Mocha_cloudlet_new\Debug\link.5716.write.1.tlog
C:\Users\meng\Documents\Visual Studio 2010\Projects\Mocha_cloudlet_new\Mocha_cloudlet_new\Debug\link.5716-cvtres.read.1.tlog
C:\Users\meng\Documents\Visual Studio 2010\Projects\Mocha_cloudlet_new\Mocha_cloudlet_new\Debug\link.5716-cvtres.write.1.tlog
C:\Users\meng\Documents\Visual Studio 2010\Projects\Mocha_cloudlet_new\Mocha_cloudlet_new\Debug\link.5844.read.1.tlog
C:\Users\meng\Documents\Visual Studio 2010\Projects\Mocha_cloudlet_new\Mocha_cloudlet_new\Debug\link.5844.write.1.tlog
C:\Users\meng\Documents\Visual Studio 2010\Projects\Mocha_cloudlet_new\Mocha_cloudlet_new\Debug\link.5844-cvtres.read.1.tlog
C:\Users\meng\Documents\Visual Studio 2010\Projects\Mocha_cloudlet_new\Mocha_cloudlet_new\Debug\link.5844-cvtres.write.1.tlog
C:\Users\meng\Documents\Visual Studio 2010\Projects\Mocha_cloudlet_new\Mocha_cloudlet_new\Debug\link.6204.read.1.tlog
C:\Users\meng\Documents\Visual Studio 2010\Projects\Mocha_cloudlet_new\Mocha_cloudlet_new\Debug\link.6204.write.1.tlog
C:\Users\meng\Documents\Visual Studio 2010\Projects\Mocha_cloudlet_new\Mocha_cloudlet_new\Debug\link.6204-cvtres.read.1.tlog
C:\Users\meng\Documents\Visual Studio 2010\Projects\Mocha_cloudlet_new\Mocha_cloudlet_new\Debug\link.6204-cvtres.write.1.tlog
C:\Users\meng\Documents\Visual Studio 2010\Projects\Mocha_cloudlet_new\Mocha_cloudlet_new\Debug\link.6472.read.1.tlog
C:\Users\meng\Documents\Visual Studio 2010\Projects\Mocha_cloudlet_new\Mocha_cloudlet_new\Debug\link.6472.write.1.tlog
C:\Users\meng\Documents\Visual Studio 2010\Projects\Mocha_cloudlet_new\Mocha_cloudlet_new\Debug\link.6472-cvtres.read.1.tlog
C:\Users\meng\Documents\Visual Studio 2010\Projects\Mocha_cloudlet_new\Mocha_cloudlet_new\Debug\link.6472-cvtres.write.1.tlog
C:\Users\meng\Documents\Visual Studio 2010\Projects\Mocha_cloudlet_new\Mocha_cloudlet_new\Debug\link.7012.read.1.tlog
C:\Users\meng\Documents\Visual Studio 2010\Projects\Mocha_cloudlet_new\Mocha_cloudlet_new\Debug\link.7012.write.1.tlog
C:\Users\meng\Documents\Visual Studio 2010\Projects\Mocha_cloudlet_new\Mocha_cloudlet_new\Debug\link.7012-cvtres.read.1.tlog
C:\Users\meng\Documents\Visual Studio 2010\Projects\Mocha_cloudlet_new\Mocha_cloudlet_new\Debug\link.7012-cvtres.write.1.tlog
C:\Users\meng\Documents\Visual Studio 2010\Projects\Mocha_cloudlet_new\Mocha_cloudlet_new\Debug\link.7100.read.1.tlog
C:\Users\meng\Documents\Visual Studio 2010\Projects\Mocha_cloudlet_new\Mocha_cloudlet_new\Debug\link.7100.write.1.tlog
C:\Users\meng\Documents\Visual Studio 2010\Projects\Mocha_cloudlet_new\Mocha_cloudlet_new\Debug\link.7100-cvtres.read.1.tlog
C:\Users\meng\Documents\Visual Studio 2010\Projects\Mocha_cloudlet_new\Mocha_cloudlet_new\Debug\link.7100-cvtres.write.1.tlog
C:\Users\meng\Documents\Visual Studio 2010\Projects\Mocha_cloudlet_new\Mocha_cloudlet_new\Debug\link.7516.read.1.tlog
C:\Users\meng\Documents\Visual Studio 2010\Projects\Mocha_cloudlet_new\Mocha_cloudlet_new\Debug\link.7516.write.1.tlog
C:\Users\meng\Documents\Visual Studio 2010\Projects\Mocha_cloudlet_new\Mocha_cloudlet_new\Debug\link.7516-cvtres.read.1.tlog
C:\Users\meng\Documents\Visual Studio 2010\Projects\Mocha_cloudlet_new\Mocha_cloudlet_new\Debug\link.7516-cvtres.write.1.tlog
C:\Users\meng\Documents\Visual Studio 2010\Projects\Mocha_cloudlet_new\Mocha_cloudlet_new\Debug\link.8096.read.1.tlog
C:\Users\meng\Documents\Visual Studio 2010\Projects\Mocha_cloudlet_new\Mocha_cloudlet_new\Debug\link.8096.write.1.tlog
C:\Users\meng\Documents\Visual Studio 2010\Projects\Mocha_cloudlet_new\Mocha_cloudlet_new\Debug\link.8096-cvtres.read.1.tlog
C:\Users\meng\Documents\Visual Studio 2010\Projects\Mocha_cloudlet_new\Mocha_cloudlet_new\Debug\link.8096-cvtres.write.1.tlog
C:\Users\meng\Documents\Visual Studio 2010\Projects\Mocha_cloudlet_new\Mocha_cloudlet_new\Debug\link.8152.read.1.tlog
C:\Users\meng\Documents\Visual Studio 2010\Projects\Mocha_cloudlet_new\Mocha_cloudlet_new\Debug\link.8152.write.1.tlog
C:\Users\meng\Documents\Visual Studio 2010\Projects\Mocha_cloudlet_new\Mocha_cloudlet_new\Debug\link.8152-cvtres.read.1.tlog
C:\Users\meng\Documents\Visual Studio 2010\Projects\Mocha_cloudlet_new\Mocha_cloudlet_new\Debug\link.8152-cvtres.write.1.tlog
C:\Users\meng\Documents\Visual Studio 2010\Projects\Mocha_cloudlet_new\Mocha_cloudlet_new\Debug\link.864.read.1.tlog
C:\Users\meng\Documents\Visual Studio 2010\Projects\Mocha_cloudlet_new\Mocha_cloudlet_new\Debug\link.864.write.1.tlog
C:\Users\meng\Documents\Visual Studio 2010\Projects\Mocha_cloudlet_new\Mocha_cloudlet_new\Debug\link.864-cvtres.read.1.tlog
C:\Users\meng\Documents\Visual Studio 2010\Projects\Mocha_cloudlet_new\Mocha_cloudlet_new\Debug\link.864-cvtres.write.1.tlog
C:\Users\meng\Documents\Visual Studio 2010\Projects\Mocha_cloudlet_new\Mocha_cloudlet_new\Debug\link.94576.read.1.tlog
C:\Users\meng\Documents\Visual Studio 2010\Projects\Mocha_cloudlet_new\Mocha_cloudlet_new\Debug\link.94576.write.1.tlog
C:\Users\meng\Documents\Visual Studio 2010\Projects\Mocha_cloudlet_new\Mocha_cloudlet_new\Debug\link.94576-cvtres.read.1.tlog
C:\Users\meng\Documents\Visual Studio 2010\Projects\Mocha_cloudlet_new\Mocha_cloudlet_new\Debug\link.94576-cvtres.write.1.tlog
C:\Users\meng\Documents\Visual Studio 2010\Projects\Mocha_cloudlet_new\Mocha_cloudlet_new\Debug\link.command.1.tlog
C:\Users\meng\Documents\Visual Studio 2010\Projects\Mocha_cloudlet_new\Mocha_cloudlet_new\Debug\link.read.1.tlog
C:\Users\meng\Documents\Visual Studio 2010\Projects\Mocha_cloudlet_new\Mocha_cloudlet_new\Debug\link.write.1.tlog
C:\Users\meng\Documents\Visual Studio 2010\Projects\Mocha_cloudlet_new\Mocha_cloudlet_new\Debug\link-cvtres.read.1.tlog
C:\Users\meng\Documents\Visual Studio 2010\Projects\Mocha_cloudlet_new\Mocha_cloudlet_new\Debug\link-cvtres.write.1.tlog
C:\USERS\MENG\DOCUMENTS\VISUAL STUDIO 2010\PROJECTS\MOCHA_CLOUDLET_NEW\MOCHA_CLOUDLET_NEW\DEBUG\MOCHA.OBJ
C:\USERS\MENG\DOCUMENTS\VISUAL STUDIO 2010\PROJECTS\MOCHA_CLOUDLET_NEW\MOCHA_CLOUDLET_NEW\DEBUG\MOCHA_CLOUDLET.OBJ
C:\USERS\MENG\DOCUMENTS\VISUAL STUDIO 2010\PROJECTS\MOCHA_CLOUDLET_NEW\MOCHA_CLOUDLET_NEW\DEBUG\MOCHA_CLOUDLET_NEW.EXE.EMBED.MANIFEST
C:\USERS\MENG\DOCUMENTS\VISUAL STUDIO 2010\PROJECTS\MOCHA_CLOUDLET_NEW\MOCHA_CLOUDLET_NEW\DEBUG\MOCHA_CLOUDLET_NEW.EXE.EMBED.MANIFEST.RES
C:\USERS\MENG\DOCUMENTS\VISUAL STUDIO 2010\PROJECTS\MOCHA_CLOUDLET_NEW\MOCHA_CLOUDLET_NEW\DEBUG\MOCHA_CLOUDLET_NEW.EXE.INTERMEDIATE.MANIFEST
C:\Users\meng\Documents\Visual Studio 2010\Projects\Mocha_cloudlet_new\Mocha_cloudlet_new\Debug\Mocha_cloudlet_new_manifest.rc
C:\Users\meng\Documents\Visual Studio 2010\Projects\Mocha_cloudlet_new\Mocha_cloudlet_new\Debug\mt.command.1.tlog
C:\Users\meng\Documents\Visual Studio 2010\Projects\Mocha_cloudlet_new\Mocha_cloudlet_new\Debug\mt.read.1.tlog
C:\Users\meng\Documents\Visual Studio 2010\Projects\Mocha_cloudlet_new\Mocha_cloudlet_new\Debug\mt.write.1.tlog
C:\Users\meng\Documents\Visual Studio 2010\Projects\Mocha_cloudlet_new\Mocha_cloudlet_new\Debug\rc.command.1.tlog
C:\Users\meng\Documents\Visual Studio 2010\Projects\Mocha_cloudlet_new\Mocha_cloudlet_new\Debug\rc.read.1.tlog
C:\Users\meng\Documents\Visual Studio 2010\Projects\Mocha_cloudlet_new\Mocha_cloudlet_new\Debug\rc.write.1.tlog
C:\Users\meng\Documents\Visual Studio 2010\Projects\Mocha_cloudlet_new\Mocha_cloudlet_new\Debug\vc100.idb
C:\USERS\MENG\DOCUMENTS\VISUAL STUDIO 2010\PROJECTS\MOCHA_CLOUDLET_NEW\MOCHA_CLOUDLET_NEW\DEBUG\VC100.PDB
