Build started 4/20/2013 6:50:16 PM.
     1>Project "C:\Users\meng\Documents\Visual Studio 2010\Projects\Mocha_cloudlet_new\Mocha_cloudlet_new\Mocha_cloudlet_new.vcxproj" on node 2 (build target(s)).
     1>InitializeBuildStatus:
         Creating "Debug\Mocha_cloudlet_new.unsuccessfulbuild" because "AlwaysCreate" was specified.
       ClCompile:
         C:\Program Files (x86)\Microsoft Visual Studio 10.0\VC\bin\CL.exe /c /ZI /nologo /W3 /WX- /Od /Oy- /D WIN32 /D _DEBUG /D _CONSOLE /D _UNICODE /D UNICODE /Gm /EHsc /RTC1 /MDd /GS /fp:precise /Zc:wchar_t /Zc:forScope /Fo"Debug\\" /Fd"Debug\vc100.pdb" /Gd /TP /analyze- /errorReport:prompt cloudlet_main.cpp mocha.cpp mocha_cloudlet.cpp
         cloudlet_main.cpp
         Generating Code...
         Compiling...
         mocha_cloudlet.cpp
         mocha.cpp
         Generating Code...
       ManifestResourceCompile:
         All outputs are up-to-date.
       Link:
         C:\Program Files (x86)\Microsoft Visual Studio 10.0\VC\bin\link.exe /ERRORREPORT:PROMPT /OUT:"C:\Users\meng\Documents\Visual Studio 2010\Projects\Mocha_cloudlet_new\Debug\Mocha_cloudlet_new.exe" /INCREMENTAL /NOLOGO kernel32.lib user32.lib gdi32.lib winspool.lib comdlg32.lib advapi32.lib shell32.lib ole32.lib oleaut32.lib uuid.lib odbc32.lib odbccp32.lib /MANIFEST /ManifestFile:"Debug\Mocha_cloudlet_new.exe.intermediate.manifest" /MANIFESTUAC:"level='asInvoker' uiAccess='false'" /DEBUG /PDB:"C:\Users\meng\Documents\Visual Studio 2010\Projects\Mocha_cloudlet_new\Debug\Mocha_cloudlet_new.pdb" /SUBSYSTEM:CONSOLE /TLBID:1 /DYNAMICBASE /NXCOMPAT /IMPLIB:"C:\Users\meng\Documents\Visual Studio 2010\Projects\Mocha_cloudlet_new\Debug\Mocha_cloudlet_new.lib" /MACHINE:X86 Debug\Mocha_cloudlet_new.exe.embed.manifest.res
         Debug\cloudlet_main.obj
         Debug\mocha.obj
         Debug\mocha_cloudlet.obj
       Manifest:
         C:\Program Files (x86)\Microsoft SDKs\Windows\v7.0A\bin\mt.exe /nologo /verbose /out:"Debug\Mocha_cloudlet_new.exe.embed.manifest" /manifest Debug\Mocha_cloudlet_new.exe.intermediate.manifest
         All outputs are up-to-date.
       LinkEmbedManifest:
         All outputs are up-to-date.
         Mocha_cloudlet_new.vcxproj -> C:\Users\meng\Documents\Visual Studio 2010\Projects\Mocha_cloudlet_new\Debug\Mocha_cloudlet_new.exe
       FinalizeBuildStatus:
         Deleting file "Debug\Mocha_cloudlet_new.unsuccessfulbuild".
         Touching "Debug\Mocha_cloudlet_new.lastbuildstate".
     1>Done Building Project "C:\Users\meng\Documents\Visual Studio 2010\Projects\Mocha_cloudlet_new\Mocha_cloudlet_new\Mocha_cloudlet_new.vcxproj" (build target(s)).

Build succeeded.

Time Elapsed 00:00:02.63
